  CreateBackground.cpp
C:\Users\ryans\OneDrive\Documents\Coding\Visual Studio SFML\Projects\ZombieArena\CreateBackground.cpp(19,64): warning C4244: 'argument': conversion from 'int' to 'T', possible loss of data
          with
          [
              T=float
          ]
C:\Users\ryans\OneDrive\Documents\Coding\Visual Studio SFML\Projects\ZombieArena\CreateBackground.cpp(19,49): warning C4244: 'argument': conversion from 'int' to 'T', possible loss of data
          with
          [
              T=float
          ]
C:\Users\ryans\OneDrive\Documents\Coding\Visual Studio SFML\Projects\ZombieArena\CreateBackground.cpp(20,76): warning C4244: 'argument': conversion from 'int' to 'T', possible loss of data
          with
          [
              T=float
          ]
C:\Users\ryans\OneDrive\Documents\Coding\Visual Studio SFML\Projects\ZombieArena\CreateBackground.cpp(20,61): warning C4244: 'argument': conversion from 'int' to 'T', possible loss of data
          with
          [
              T=float
          ]
C:\Users\ryans\OneDrive\Documents\Coding\Visual Studio SFML\Projects\ZombieArena\CreateBackground.cpp(21,88): warning C4244: 'argument': conversion from 'int' to 'T', possible loss of data
          with
          [
              T=float
          ]
C:\Users\ryans\OneDrive\Documents\Coding\Visual Studio SFML\Projects\ZombieArena\CreateBackground.cpp(21,61): warning C4244: 'argument': conversion from 'int' to 'T', possible loss of data
          with
          [
              T=float
          ]
C:\Users\ryans\OneDrive\Documents\Coding\Visual Studio SFML\Projects\ZombieArena\CreateBackground.cpp(22,76): warning C4244: 'argument': conversion from 'int' to 'T', possible loss of data
          with
          [
              T=float
          ]
C:\Users\ryans\OneDrive\Documents\Coding\Visual Studio SFML\Projects\ZombieArena\CreateBackground.cpp(22,49): warning C4244: 'argument': conversion from 'int' to 'T', possible loss of data
          with
          [
              T=float
          ]
C:\Users\ryans\OneDrive\Documents\Coding\Visual Studio SFML\Projects\ZombieArena\CreateBackground.cpp(35,54): warning C4244: 'argument': conversion from 'int' to 'T', possible loss of data
          with
          [
              T=float
          ]
C:\Users\ryans\OneDrive\Documents\Coding\Visual Studio SFML\Projects\ZombieArena\CreateBackground.cpp(36,62): warning C4244: 'argument': conversion from 'int' to 'T', possible loss of data
          with
          [
              T=float
          ]
C:\Users\ryans\OneDrive\Documents\Coding\Visual Studio SFML\Projects\ZombieArena\CreateBackground.cpp(37,70): warning C4244: 'argument': conversion from 'int' to 'T', possible loss of data
          with
          [
              T=float
          ]
C:\Users\ryans\OneDrive\Documents\Coding\Visual Studio SFML\Projects\ZombieArena\CreateBackground.cpp(38,62): warning C4244: 'argument': conversion from 'int' to 'T', possible loss of data
          with
          [
              T=float
          ]
  CreateHorde.cpp
C:\Users\ryans\OneDrive\Documents\Coding\Visual Studio SFML\Projects\ZombieArena\CreateHorde.cpp(18,8): warning C4244: '=': conversion from 'int' to 'float', possible loss of data
C:\Users\ryans\OneDrive\Documents\Coding\Visual Studio SFML\Projects\ZombieArena\CreateHorde.cpp(19,24): warning C4244: '=': conversion from 'int' to 'float', possible loss of data
C:\Users\ryans\OneDrive\Documents\Coding\Visual Studio SFML\Projects\ZombieArena\CreateHorde.cpp(22,8): warning C4244: '=': conversion from 'int' to 'float', possible loss of data
C:\Users\ryans\OneDrive\Documents\Coding\Visual Studio SFML\Projects\ZombieArena\CreateHorde.cpp(23,24): warning C4244: '=': conversion from 'int' to 'float', possible loss of data
C:\Users\ryans\OneDrive\Documents\Coding\Visual Studio SFML\Projects\ZombieArena\CreateHorde.cpp(26,24): warning C4244: '=': conversion from 'int' to 'float', possible loss of data
C:\Users\ryans\OneDrive\Documents\Coding\Visual Studio SFML\Projects\ZombieArena\CreateHorde.cpp(27,8): warning C4244: '=': conversion from 'int' to 'float', possible loss of data
C:\Users\ryans\OneDrive\Documents\Coding\Visual Studio SFML\Projects\ZombieArena\CreateHorde.cpp(30,24): warning C4244: '=': conversion from 'int' to 'float', possible loss of data
C:\Users\ryans\OneDrive\Documents\Coding\Visual Studio SFML\Projects\ZombieArena\CreateHorde.cpp(31,8): warning C4244: '=': conversion from 'int' to 'float', possible loss of data
  Zombie.cpp
C:\Users\ryans\OneDrive\Documents\Coding\Visual Studio SFML\Projects\ZombieArena\Zombie.cpp(33,17): warning C4244: 'initializing': conversion from 'int' to 'float', possible loss of data
C:\Users\ryans\OneDrive\Documents\Coding\Visual Studio SFML\Projects\ZombieArena\Zombie.cpp(75,14): warning C4244: 'initializing': conversion from 'double' to 'float', possible loss of data
  ZombieArena.cpp
C:\Users\ryans\OneDrive\Documents\Coding\Visual Studio SFML\Projects\ZombieArena\ZombieArena.cpp(29,44): warning C4244: '=': conversion from 'unsigned int' to 'T', possible loss of data
          with
          [
              T=float
          ]
C:\Users\ryans\OneDrive\Documents\Coding\Visual Studio SFML\Projects\ZombieArena\ZombieArena.cpp(30,44): warning C4244: '=': conversion from 'unsigned int' to 'T', possible loss of data
          with
          [
              T=float
          ]
C:\Users\ryans\OneDrive\Documents\Coding\Visual Studio SFML\Projects\ZombieArena\ZombieArena.cpp(32,56): warning C4244: 'argument': conversion from 'T' to 'unsigned int', possible loss of data
          with
          [
              T=float
          ]
C:\Users\ryans\OneDrive\Documents\Coding\Visual Studio SFML\Projects\ZombieArena\ZombieArena.cpp(32,42): warning C4244: 'argument': conversion from 'T' to 'unsigned int', possible loss of data
          with
          [
              T=float
          ]
C:\Users\ryans\OneDrive\Documents\Coding\Visual Studio SFML\Projects\ZombieArena\ZombieArena.cpp(335,20): warning C4244: '=': conversion from 'double' to 'int', possible loss of data
C:\Users\ryans\OneDrive\Documents\Coding\Visual Studio SFML\Projects\ZombieArena\ZombieArena.cpp(437,50): warning C4244: 'argument': conversion from 'int' to 'T', possible loss of data
          with
          [
              T=float
          ]
  Generating Code...
  ZombieArena.vcxproj -> C:\Users\ryans\OneDrive\Documents\Coding\Visual Studio SFML\Projects\ZombieArena\Debug\ZombieArena.exe
